<?xml version="1.0" encoding="UTF-8"?>
<!-- Generated by org.testng.reporters.JUnitXMLReporter -->
<testsuite hostname="Tetianas-MBP.fios-router.home" ignored="1" name="Smoke Test" tests="2" failures="0" timestamp="18 Jun 2019 14:04:45 GMT" time="8.598" errors="0">
  <testcase name="loginToOrangeHRM" time="2.185" classname="com.syntax.testcases.LoginPageTest"/>
  <testcase name="negativeLogin" time="1.363" classname="com.syntax.testcases.LoginPageTest"/>
  <testcase name="doLogIn" time="0.0" classname="com.syntax.testcases.LoginPageTest">
    <ignored/>
  </testcase> <!-- doLogIn -->
</testsuite> <!-- Smoke Test -->
